#
# A fatal error has been detected by the Java Runtime Environment:
#
#  Internal Error (sharedRuntime.cpp:532), pid=24188, tid=5891
#  Error: ShouldNotReachHere()
#
# JRE version: OpenJDK Runtime Environment Zulu16.28+11-CA (16.0+36) (build 16+36)
# Java VM: OpenJDK 64-Bit Server VM Zulu16.28+11-CA (16+36, mixed mode, tiered, compressed oops, g1 gc, bsd-aarch64)
# No core dump will be written. Core dumps have been disabled. To enable core dumping, try "ulimit -c unlimited" before starting Java again
#
# If you would like to submit a bug report, please visit:
#   http://www.azulsystems.com/support/
#

---------------  S U M M A R Y ------------

Command Line: /Users/theron/.vscode/extensions/sonarsource.sonarlint-vscode-2.0.0/server/sonarlint-ls.jar 60815 file:///Users/theron/.vscode/extensions/sonarsource.sonarlint-vscode-2.0.0/analyzers/sonarjava.jar file:///Users/theron/.vscode/extensions/sonarsource.sonarlint-vscode-2.0.0/analyzers/sonarjs.jar file:///Users/theron/.vscode/extensions/sonarsource.sonarlint-vscode-2.0.0/analyzers/sonarphp.jar file:///Users/theron/.vscode/extensions/sonarsource.sonarlint-vscode-2.0.0/analyzers/sonarpython.jar file:///Users/theron/.vscode/extensions/sonarsource.sonarlint-vscode-2.0.0/analyzers/sonarhtml.jar

Host: MacBookAir10,1 arm64 1 MHz, 8 cores, 8G, Darwin 20.5.0, macOS 11.4 (20F71)
Time: Wed Jun 16 11:31:20 2021 MDT elapsed time: 0.378645 seconds (0d 0h 0m 0s)

---------------  T H R E A D  ---------------

Current thread (0x000000013e00a400):  JavaThread "main" [_thread_in_Java, id=5891, stack(0x000000016d84c000,0x000000016da4f000)]

Stack: [0x000000016d84c000,0x000000016da4f000],  sp=0x000000016da4dec0,  free space=2055k
Native frames: (J=compiled Java code, A=aot compiled Java code, j=interpreted, Vv=VM code, C=native code)
V  [libjvm.dylib+0x9abf04]  VMError::report_and_die(int, char const*, char const*, char*, Thread*, unsigned char*, void*, void*, char const*, int, unsigned long)+0x46c
V  [libjvm.dylib+0x9ac658]  VMError::report_and_die(Thread*, void*, char const*, int, char const*, char const*, char*)+0x40
V  [libjvm.dylib+0x2a9dd0]  report_vm_error(char const*, int, char const*, char const*, ...)+0x5c
V  [libjvm.dylib+0x2a9fa4]  report_should_not_reach_here(char const*, int)+0x2c
V  [libjvm.dylib+0x81388c]  SharedRuntime::raw_exception_handler_for_return_address(JavaThread*, unsigned char*)+0x178
V  [libjvm.dylib+0x813930]  SharedRuntime::exception_handler_for_return_address(JavaThread*, unsigned char*)+0x28
v  ~StubRoutines::forward exception
j  org.slf4j.LoggerFactory.performInitialization()V+0
j  org.slf4j.LoggerFactory.getILoggerFactory()Lorg/slf4j/ILoggerFactory;+22
j  org.slf4j.LoggerFactory.getLogger(Ljava/lang/String;)Lorg/slf4j/Logger;+0
j  org.slf4j.LoggerFactory.getLogger(Ljava/lang/Class;)Lorg/slf4j/Logger;+4
j  org.apache.hc.client5.http.impl.io.PoolingHttpClientConnectionManager.<clinit>()V+3
v  ~StubRoutines::call_stub
V  [libjvm.dylib+0x43f718]  JavaCalls::call_helper(JavaValue*, methodHandle const&, JavaCallArguments*, Thread*)+0x30c
V  [libjvm.dylib+0x4210c0]  InstanceKlass::call_class_initializer(Thread*)+0x1e8
V  [libjvm.dylib+0x4207ec]  InstanceKlass::initialize_impl(Thread*)+0x57c
V  [libjvm.dylib+0x4357a4]  InterpreterRuntime::_new(JavaThread*, ConstantPool*, int)+0xc4
j  org.apache.hc.client5.http.impl.io.PoolingHttpClientConnectionManagerBuilder.build()Lorg/apache/hc/client5/http/impl/io/PoolingHttpClientConnectionManager;+0
j  org.apache.hc.client5.http.impl.classic.HttpClientBuilder.build()Lorg/apache/hc/client5/http/impl/classic/CloseableHttpClient;+29
j  org.sonarsource.sonarlint.ls.http.ApacheHttpClient.create()Lorg/sonarsource/sonarlint/ls/http/ApacheHttpClient;+35
j  org.sonarsource.sonarlint.ls.SonarLintLanguageServer.<init>(Ljava/io/InputStream;Ljava/io/OutputStream;Ljava/util/Collection;)V+79
j  org.sonarsource.sonarlint.ls.SonarLintLanguageServer.bySocket(ILjava/util/Collection;)V+24
j  org.sonarsource.sonarlint.ls.ServerMain.startLanguageServer([Ljava/lang/String;)V+153
j  org.sonarsource.sonarlint.ls.ServerMain.main([Ljava/lang/String;)V+14
v  ~StubRoutines::call_stub
V  [libjvm.dylib+0x43f718]  JavaCalls::call_helper(JavaValue*, methodHandle const&, JavaCallArguments*, Thread*)+0x30c
V  [libjvm.dylib+0x4a115c]  jni_invoke_static(JNIEnv_*, JavaValue*, _jobject*, JNICallType, _jmethodID*, JNI_ArgumentPusher*, Thread*)+0x120
V  [libjvm.dylib+0x4a4570]  jni_CallStaticVoidMethod+0x120
C  [libjli.dylib+0x5430]  JavaMain+0x9d4
C  [libjli.dylib+0x778c]  ThreadJavaMain+0xc
C  [libsystem_pthread.dylib+0x7878]  _pthread_start+0x140


---------------  P R O C E S S  ---------------

Threads class SMR info:
_java_thread_list=0x000000014f164d50, length=11, elements={
0x000000013e00a400, 0x000000014e008200, 0x000000013e013400, 0x000000013e04ac00,
0x000000013e04b200, 0x000000014f80a000, 0x000000013e04b800, 0x000000014e010a00,
0x000000014e011000, 0x000000013e04be00, 0x000000013e04c400
}

Java Threads: ( => current thread )
=>0x000000013e00a400 JavaThread "main" [_thread_in_Java, id=5891, stack(0x000000016d84c000,0x000000016da4f000)]
  0x000000014e008200 JavaThread "Reference Handler" daemon [_thread_blocked, id=17667, stack(0x000000016e6a0000,0x000000016e8a3000)]
  0x000000013e013400 JavaThread "Finalizer" daemon [_thread_blocked, id=17411, stack(0x000000016e8ac000,0x000000016eaaf000)]
  0x000000013e04ac00 JavaThread "Signal Dispatcher" daemon [_thread_blocked, id=42755, stack(0x000000016ebd0000,0x000000016edd3000)]
  0x000000013e04b200 JavaThread "Service Thread" daemon [_thread_blocked, id=42243, stack(0x000000016eddc000,0x000000016efdf000)]
  0x000000014f80a000 JavaThread "Monitor Deflation Thread" daemon [_thread_blocked, id=41987, stack(0x000000016efe8000,0x000000016f1eb000)]
  0x000000013e04b800 JavaThread "C2 CompilerThread0" daemon [_thread_blocked, id=41731, stack(0x000000016f1f4000,0x000000016f3f7000)]
  0x000000014e010a00 JavaThread "C1 CompilerThread0" daemon [_thread_blocked, id=41219, stack(0x000000016f400000,0x000000016f603000)]
  0x000000014e011000 JavaThread "Sweeper thread" daemon [_thread_blocked, id=40963, stack(0x000000016f60c000,0x000000016f80f000)]
  0x000000013e04be00 JavaThread "Notification Thread" daemon [_thread_blocked, id=40707, stack(0x000000016f818000,0x000000016fa1b000)]
  0x000000013e04c400 JavaThread "Common-Cleaner" daemon [_thread_blocked, id=39939, stack(0x000000016fc30000,0x000000016fe33000)]

Other Threads:
  0x000000014df3a210 VMThread "VM Thread" [stack: 0x000000016e494000,0x000000016e697000] [id=17923]
  0x000000014f1626c0 WatcherThread [stack: 0x000000016fa24000,0x000000016fc27000] [id=40451]
  0x000000014df10a60 GCTaskThread "GC Thread#0" [stack: 0x000000016da58000,0x000000016dc5b000] [id=20227]
  0x000000014df118b0 ConcurrentGCThread "G1 Main Marker" [stack: 0x000000016dc64000,0x000000016de67000] [id=19715]
  0x000000014df127b0 ConcurrentGCThread "G1 Conc#0" [stack: 0x000000016de70000,0x000000016e073000] [id=19203]
  0x000000014df2e8c0 ConcurrentGCThread "G1 Refine#0" [stack: 0x000000016e07c000,0x000000016e27f000] [id=13571]
  0x000000014df2f780 ConcurrentGCThread "G1 Service" [stack: 0x000000016e288000,0x000000016e48b000] [id=18691]

Threads with active compile tasks:

VM state: not at safepoint (normal execution)

VM Mutex/Monitor currently owned by a thread: None

Heap address: 0x0000000740000000, size: 2048 MB, Compressed Oops mode: Zero based, Oop shift amount: 3
Compressed class space mapped at: 0x0000000300000000-0x0000000340000000, reserved size: 1073741824
Narrow klass base: 0x0000000000000000, Narrow klass shift: 3, Narrow klass range: 0x340000000

GC Precious Log:
 CPUs: 8 total, 8 available
 Memory: 8192M
 Large Page Support: Disabled
 NUMA Support: Disabled
 Compressed Oops: Enabled (Zero based)
 Heap Region Size: 1M
 Heap Min Capacity: 8M
 Heap Initial Capacity: 128M
 Heap Max Capacity: 2G
 Pre-touch: Disabled
 Parallel Workers: 8
 Concurrent Workers: 2
 Concurrent Refinement Workers: 8
 Periodic GC: Disabled

Heap:
 garbage-first heap   total 131072K, used 10240K [0x0000000740000000, 0x00000007c0000000)
  region size 1024K, 9 young (9216K), 0 survivors (0K)
 Metaspace       used 10404K, committed 10560K, reserved 1064960K
  class space    used 1007K, committed 1088K, reserved 1048576K

Heap Regions: E=young(eden), S=young(survivor), O=old, HS=humongous(starts), HC=humongous(continues), CS=collection set, F=free, OA=open archive, CA=closed archive, TAMS=top-at-mark-start (previous, next)
|   0|0x0000000740000000, 0x0000000740100000, 0x0000000740100000|100%|HS|  |TAMS 0x0000000740000000, 0x0000000740000000| Complete 
|   1|0x0000000740100000, 0x0000000740200000, 0x0000000740200000|100%|HS|  |TAMS 0x0000000740100000, 0x0000000740100000| Complete 
|   2|0x0000000740200000, 0x0000000740200000, 0x0000000740300000|  0%| F|  |TAMS 0x0000000740200000, 0x0000000740200000| Untracked 
|   3|0x0000000740300000, 0x0000000740300000, 0x0000000740400000|  0%| F|  |TAMS 0x0000000740300000, 0x0000000740300000| Untracked 
|   4|0x0000000740400000, 0x0000000740400000, 0x0000000740500000|  0%| F|  |TAMS 0x0000000740400000, 0x0000000740400000| Untracked 
|   5|0x0000000740500000, 0x0000000740500000, 0x0000000740600000|  0%| F|  |TAMS 0x0000000740500000, 0x0000000740500000| Untracked 
|   6|0x0000000740600000, 0x0000000740600000, 0x0000000740700000|  0%| F|  |TAMS 0x0000000740600000, 0x0000000740600000| Untracked 
|   7|0x0000000740700000, 0x0000000740700000, 0x0000000740800000|  0%| F|  |TAMS 0x0000000740700000, 0x0000000740700000| Untracked 
|   8|0x0000000740800000, 0x0000000740800000, 0x0000000740900000|  0%| F|  |TAMS 0x0000000740800000, 0x0000000740800000| Untracked 
|   9|0x0000000740900000, 0x0000000740900000, 0x0000000740a00000|  0%| F|  |TAMS 0x0000000740900000, 0x0000000740900000| Untracked 
|  10|0x0000000740a00000, 0x0000000740a00000, 0x0000000740b00000|  0%| F|  |TAMS 0x0000000740a00000, 0x0000000740a00000| Untracked 
|  11|0x0000000740b00000, 0x0000000740b00000, 0x0000000740c00000|  0%| F|  |TAMS 0x0000000740b00000, 0x0000000740b00000| Untracked 
|  12|0x0000000740c00000, 0x0000000740c00000, 0x0000000740d00000|  0%| F|  |TAMS 0x0000000740c00000, 0x0000000740c00000| Untracked 
|  13|0x0000000740d00000, 0x0000000740d00000, 0x0000000740e00000|  0%| F|  |TAMS 0x0000000740d00000, 0x0000000740d00000| Untracked 
|  14|0x0000000740e00000, 0x0000000740e00000, 0x0000000740f00000|  0%| F|  |TAMS 0x0000000740e00000, 0x0000000740e00000| Untracked 
|  15|0x0000000740f00000, 0x0000000740f00000, 0x0000000741000000|  0%| F|  |TAMS 0x0000000740f00000, 0x0000000740f00000| Untracked 
|  16|0x0000000741000000, 0x0000000741000000, 0x0000000741100000|  0%| F|  |TAMS 0x0000000741000000, 0x0000000741000000| Untracked 
|  17|0x0000000741100000, 0x0000000741100000, 0x0000000741200000|  0%| F|  |TAMS 0x0000000741100000, 0x0000000741100000| Untracked 
|  18|0x0000000741200000, 0x0000000741200000, 0x0000000741300000|  0%| F|  |TAMS 0x0000000741200000, 0x0000000741200000| Untracked 
|  19|0x0000000741300000, 0x0000000741300000, 0x0000000741400000|  0%| F|  |TAMS 0x0000000741300000, 0x0000000741300000| Untracked 
|  20|0x0000000741400000, 0x0000000741400000, 0x0000000741500000|  0%| F|  |TAMS 0x0000000741400000, 0x0000000741400000| Untracked 
|  21|0x0000000741500000, 0x0000000741500000, 0x0000000741600000|  0%| F|  |TAMS 0x0000000741500000, 0x0000000741500000| Untracked 
|  22|0x0000000741600000, 0x0000000741600000, 0x0000000741700000|  0%| F|  |TAMS 0x0000000741600000, 0x0000000741600000| Untracked 
|  23|0x0000000741700000, 0x0000000741700000, 0x0000000741800000|  0%| F|  |TAMS 0x0000000741700000, 0x0000000741700000| Untracked 
|  24|0x0000000741800000, 0x0000000741800000, 0x0000000741900000|  0%| F|  |TAMS 0x0000000741800000, 0x0000000741800000| Untracked 
|  25|0x0000000741900000, 0x0000000741900000, 0x0000000741a00000|  0%| F|  |TAMS 0x0000000741900000, 0x0000000741900000| Untracked 
|  26|0x0000000741a00000, 0x0000000741a00000, 0x0000000741b00000|  0%| F|  |TAMS 0x0000000741a00000, 0x0000000741a00000| Untracked 
|  27|0x0000000741b00000, 0x0000000741b00000, 0x0000000741c00000|  0%| F|  |TAMS 0x0000000741b00000, 0x0000000741b00000| Untracked 
|  28|0x0000000741c00000, 0x0000000741c00000, 0x0000000741d00000|  0%| F|  |TAMS 0x0000000741c00000, 0x0000000741c00000| Untracked 
|  29|0x0000000741d00000, 0x0000000741d00000, 0x0000000741e00000|  0%| F|  |TAMS 0x0000000741d00000, 0x0000000741d00000| Untracked 
|  30|0x0000000741e00000, 0x0000000741e00000, 0x0000000741f00000|  0%| F|  |TAMS 0x0000000741e00000, 0x0000000741e00000| Untracked 
|  31|0x0000000741f00000, 0x0000000741f00000, 0x0000000742000000|  0%| F|  |TAMS 0x0000000741f00000, 0x0000000741f00000| Untracked 
|  32|0x0000000742000000, 0x0000000742000000, 0x0000000742100000|  0%| F|  |TAMS 0x0000000742000000, 0x0000000742000000| Untracked 
|  33|0x0000000742100000, 0x0000000742100000, 0x0000000742200000|  0%| F|  |TAMS 0x0000000742100000, 0x0000000742100000| Untracked 
|  34|0x0000000742200000, 0x0000000742200000, 0x0000000742300000|  0%| F|  |TAMS 0x0000000742200000, 0x0000000742200000| Untracked 
|  35|0x0000000742300000, 0x0000000742300000, 0x0000000742400000|  0%| F|  |TAMS 0x0000000742300000, 0x0000000742300000| Untracked 
|  36|0x0000000742400000, 0x0000000742400000, 0x0000000742500000|  0%| F|  |TAMS 0x0000000742400000, 0x0000000742400000| Untracked 
|  37|0x0000000742500000, 0x0000000742500000, 0x0000000742600000|  0%| F|  |TAMS 0x0000000742500000, 0x0000000742500000| Untracked 
|  38|0x0000000742600000, 0x0000000742600000, 0x0000000742700000|  0%| F|  |TAMS 0x0000000742600000, 0x0000000742600000| Untracked 
|  39|0x0000000742700000, 0x0000000742700000, 0x0000000742800000|  0%| F|  |TAMS 0x0000000742700000, 0x0000000742700000| Untracked 
|  40|0x0000000742800000, 0x0000000742800000, 0x0000000742900000|  0%| F|  |TAMS 0x0000000742800000, 0x0000000742800000| Untracked 
|  41|0x0000000742900000, 0x0000000742900000, 0x0000000742a00000|  0%| F|  |TAMS 0x0000000742900000, 0x0000000742900000| Untracked 
|  42|0x0000000742a00000, 0x0000000742a00000, 0x0000000742b00000|  0%| F|  |TAMS 0x0000000742a00000, 0x0000000742a00000| Untracked 
|  43|0x0000000742b00000, 0x0000000742b00000, 0x0000000742c00000|  0%| F|  |TAMS 0x0000000742b00000, 0x0000000742b00000| Untracked 
|  44|0x0000000742c00000, 0x0000000742c00000, 0x0000000742d00000|  0%| F|  |TAMS 0x0000000742c00000, 0x0000000742c00000| Untracked 
|  45|0x0000000742d00000, 0x0000000742d00000, 0x0000000742e00000|  0%| F|  |TAMS 0x0000000742d00000, 0x0000000742d00000| Untracked 
|  46|0x0000000742e00000, 0x0000000742e00000, 0x0000000742f00000|  0%| F|  |TAMS 0x0000000742e00000, 0x0000000742e00000| Untracked 
|  47|0x0000000742f00000, 0x0000000742f00000, 0x0000000743000000|  0%| F|  |TAMS 0x0000000742f00000, 0x0000000742f00000| Untracked 
|  48|0x0000000743000000, 0x0000000743000000, 0x0000000743100000|  0%| F|  |TAMS 0x0000000743000000, 0x0000000743000000| Untracked 
|  49|0x0000000743100000, 0x0000000743100000, 0x0000000743200000|  0%| F|  |TAMS 0x0000000743100000, 0x0000000743100000| Untracked 
|  50|0x0000000743200000, 0x0000000743200000, 0x0000000743300000|  0%| F|  |TAMS 0x0000000743200000, 0x0000000743200000| Untracked 
|  51|0x0000000743300000, 0x0000000743300000, 0x0000000743400000|  0%| F|  |TAMS 0x0000000743300000, 0x0000000743300000| Untracked 
|  52|0x0000000743400000, 0x0000000743400000, 0x0000000743500000|  0%| F|  |TAMS 0x0000000743400000, 0x0000000743400000| Untracked 
|  53|0x0000000743500000, 0x0000000743500000, 0x0000000743600000|  0%| F|  |TAMS 0x0000000743500000, 0x0000000743500000| Untracked 
|  54|0x0000000743600000, 0x0000000743600000, 0x0000000743700000|  0%| F|  |TAMS 0x0000000743600000, 0x0000000743600000| Untracked 
|  55|0x0000000743700000, 0x0000000743700000, 0x0000000743800000|  0%| F|  |TAMS 0x0000000743700000, 0x0000000743700000| Untracked 
|  56|0x0000000743800000, 0x0000000743800000, 0x0000000743900000|  0%| F|  |TAMS 0x0000000743800000, 0x0000000743800000| Untracked 
|  57|0x0000000743900000, 0x0000000743900000, 0x0000000743a00000|  0%| F|  |TAMS 0x0000000743900000, 0x0000000743900000| Untracked 
|  58|0x0000000743a00000, 0x0000000743a00000, 0x0000000743b00000|  0%| F|  |TAMS 0x0000000743a00000, 0x0000000743a00000| Untracked 
|  59|0x0000000743b00000, 0x0000000743b00000, 0x0000000743c00000|  0%| F|  |TAMS 0x0000000743b00000, 0x0000000743b00000| Untracked 
|  60|0x0000000743c00000, 0x0000000743c00000, 0x0000000743d00000|  0%| F|  |TAMS 0x0000000743c00000, 0x0000000743c00000| Untracked 
|  61|0x0000000743d00000, 0x0000000743d00000, 0x0000000743e00000|  0%| F|  |TAMS 0x0000000743d00000, 0x0000000743d00000| Untracked 
|  62|0x0000000743e00000, 0x0000000743e00000, 0x0000000743f00000|  0%| F|  |TAMS 0x0000000743e00000, 0x0000000743e00000| Untracked 
|  63|0x0000000743f00000, 0x0000000743f00000, 0x0000000744000000|  0%| F|  |TAMS 0x0000000743f00000, 0x0000000743f00000| Untracked 
|  64|0x0000000744000000, 0x0000000744000000, 0x0000000744100000|  0%| F|  |TAMS 0x0000000744000000, 0x0000000744000000| Untracked 
|  65|0x0000000744100000, 0x0000000744100000, 0x0000000744200000|  0%| F|  |TAMS 0x0000000744100000, 0x0000000744100000| Untracked 
|  66|0x0000000744200000, 0x0000000744200000, 0x0000000744300000|  0%| F|  |TAMS 0x0000000744200000, 0x0000000744200000| Untracked 
|  67|0x0000000744300000, 0x0000000744300000, 0x0000000744400000|  0%| F|  |TAMS 0x0000000744300000, 0x0000000744300000| Untracked 
|  68|0x0000000744400000, 0x0000000744400000, 0x0000000744500000|  0%| F|  |TAMS 0x0000000744400000, 0x0000000744400000| Untracked 
|  69|0x0000000744500000, 0x0000000744500000, 0x0000000744600000|  0%| F|  |TAMS 0x0000000744500000, 0x0000000744500000| Untracked 
|  70|0x0000000744600000, 0x0000000744600000, 0x0000000744700000|  0%| F|  |TAMS 0x0000000744600000, 0x0000000744600000| Untracked 
|  71|0x0000000744700000, 0x0000000744700000, 0x0000000744800000|  0%| F|  |TAMS 0x0000000744700000, 0x0000000744700000| Untracked 
|  72|0x0000000744800000, 0x0000000744800000, 0x0000000744900000|  0%| F|  |TAMS 0x0000000744800000, 0x0000000744800000| Untracked 
|  73|0x0000000744900000, 0x0000000744900000, 0x0000000744a00000|  0%| F|  |TAMS 0x0000000744900000, 0x0000000744900000| Untracked 
|  74|0x0000000744a00000, 0x0000000744a00000, 0x0000000744b00000|  0%| F|  |TAMS 0x0000000744a00000, 0x0000000744a00000| Untracked 
|  75|0x0000000744b00000, 0x0000000744b00000, 0x0000000744c00000|  0%| F|  |TAMS 0x0000000744b00000, 0x0000000744b00000| Untracked 
|  76|0x0000000744c00000, 0x0000000744c00000, 0x0000000744d00000|  0%| F|  |TAMS 0x0000000744c00000, 0x0000000744c00000| Untracked 
|  77|0x0000000744d00000, 0x0000000744d00000, 0x0000000744e00000|  0%| F|  |TAMS 0x0000000744d00000, 0x0000000744d00000| Untracked 
|  78|0x0000000744e00000, 0x0000000744e00000, 0x0000000744f00000|  0%| F|  |TAMS 0x0000000744e00000, 0x0000000744e00000| Untracked 
|  79|0x0000000744f00000, 0x0000000744f00000, 0x0000000745000000|  0%| F|  |TAMS 0x0000000744f00000, 0x0000000744f00000| Untracked 
|  80|0x0000000745000000, 0x0000000745000000, 0x0000000745100000|  0%| F|  |TAMS 0x0000000745000000, 0x0000000745000000| Untracked 
|  81|0x0000000745100000, 0x0000000745100000, 0x0000000745200000|  0%| F|  |TAMS 0x0000000745100000, 0x0000000745100000| Untracked 
|  82|0x0000000745200000, 0x0000000745200000, 0x0000000745300000|  0%| F|  |TAMS 0x0000000745200000, 0x0000000745200000| Untracked 
|  83|0x0000000745300000, 0x0000000745300000, 0x0000000745400000|  0%| F|  |TAMS 0x0000000745300000, 0x0000000745300000| Untracked 
|  84|0x0000000745400000, 0x0000000745400000, 0x0000000745500000|  0%| F|  |TAMS 0x0000000745400000, 0x0000000745400000| Untracked 
|  85|0x0000000745500000, 0x0000000745500000, 0x0000000745600000|  0%| F|  |TAMS 0x0000000745500000, 0x0000000745500000| Untracked 
|  86|0x0000000745600000, 0x0000000745600000, 0x0000000745700000|  0%| F|  |TAMS 0x0000000745600000, 0x0000000745600000| Untracked 
|  87|0x0000000745700000, 0x0000000745700000, 0x0000000745800000|  0%| F|  |TAMS 0x0000000745700000, 0x0000000745700000| Untracked 
|  88|0x0000000745800000, 0x0000000745800000, 0x0000000745900000|  0%| F|  |TAMS 0x0000000745800000, 0x0000000745800000| Untracked 
|  89|0x0000000745900000, 0x0000000745900000, 0x0000000745a00000|  0%| F|  |TAMS 0x0000000745900000, 0x0000000745900000| Untracked 
|  90|0x0000000745a00000, 0x0000000745a00000, 0x0000000745b00000|  0%| F|  |TAMS 0x0000000745a00000, 0x0000000745a00000| Untracked 
|  91|0x0000000745b00000, 0x0000000745b00000, 0x0000000745c00000|  0%| F|  |TAMS 0x0000000745b00000, 0x0000000745b00000| Untracked 
|  92|0x0000000745c00000, 0x0000000745c00000, 0x0000000745d00000|  0%| F|  |TAMS 0x0000000745c00000, 0x0000000745c00000| Untracked 
|  93|0x0000000745d00000, 0x0000000745d00000, 0x0000000745e00000|  0%| F|  |TAMS 0x0000000745d00000, 0x0000000745d00000| Untracked 
|  94|0x0000000745e00000, 0x0000000745e00000, 0x0000000745f00000|  0%| F|  |TAMS 0x0000000745e00000, 0x0000000745e00000| Untracked 
|  95|0x0000000745f00000, 0x0000000745f00000, 0x0000000746000000|  0%| F|  |TAMS 0x0000000745f00000, 0x0000000745f00000| Untracked 
|  96|0x0000000746000000, 0x0000000746000000, 0x0000000746100000|  0%| F|  |TAMS 0x0000000746000000, 0x0000000746000000| Untracked 
|  97|0x0000000746100000, 0x0000000746100000, 0x0000000746200000|  0%| F|  |TAMS 0x0000000746100000, 0x0000000746100000| Untracked 
|  98|0x0000000746200000, 0x0000000746200000, 0x0000000746300000|  0%| F|  |TAMS 0x0000000746200000, 0x0000000746200000| Untracked 
|  99|0x0000000746300000, 0x0000000746300000, 0x0000000746400000|  0%| F|  |TAMS 0x0000000746300000, 0x0000000746300000| Untracked 
| 100|0x0000000746400000, 0x0000000746400000, 0x0000000746500000|  0%| F|  |TAMS 0x0000000746400000, 0x0000000746400000| Untracked 
| 101|0x0000000746500000, 0x0000000746500000, 0x0000000746600000|  0%| F|  |TAMS 0x0000000746500000, 0x0000000746500000| Untracked 
| 102|0x0000000746600000, 0x0000000746600000, 0x0000000746700000|  0%| F|  |TAMS 0x0000000746600000, 0x0000000746600000| Untracked 
| 103|0x0000000746700000, 0x0000000746700000, 0x0000000746800000|  0%| F|  |TAMS 0x0000000746700000, 0x0000000746700000| Untracked 
| 104|0x0000000746800000, 0x0000000746800000, 0x0000000746900000|  0%| F|  |TAMS 0x0000000746800000, 0x0000000746800000| Untracked 
| 105|0x0000000746900000, 0x0000000746900000, 0x0000000746a00000|  0%| F|  |TAMS 0x0000000746900000, 0x0000000746900000| Untracked 
| 106|0x0000000746a00000, 0x0000000746a00000, 0x0000000746b00000|  0%| F|  |TAMS 0x0000000746a00000, 0x0000000746a00000| Untracked 
| 107|0x0000000746b00000, 0x0000000746b00000, 0x0000000746c00000|  0%| F|  |TAMS 0x0000000746b00000, 0x0000000746b00000| Untracked 
| 108|0x0000000746c00000, 0x0000000746c00000, 0x0000000746d00000|  0%| F|  |TAMS 0x0000000746c00000, 0x0000000746c00000| Untracked 
| 109|0x0000000746d00000, 0x0000000746d00000, 0x0000000746e00000|  0%| F|  |TAMS 0x0000000746d00000, 0x0000000746d00000| Untracked 
| 110|0x0000000746e00000, 0x0000000746e00000, 0x0000000746f00000|  0%| F|  |TAMS 0x0000000746e00000, 0x0000000746e00000| Untracked 
| 111|0x0000000746f00000, 0x0000000746f00000, 0x0000000747000000|  0%| F|  |TAMS 0x0000000746f00000, 0x0000000746f00000| Untracked 
| 112|0x0000000747000000, 0x0000000747000000, 0x0000000747100000|  0%| F|  |TAMS 0x0000000747000000, 0x0000000747000000| Untracked 
| 113|0x0000000747100000, 0x0000000747100000, 0x0000000747200000|  0%| F|  |TAMS 0x0000000747100000, 0x0000000747100000| Untracked 
| 114|0x0000000747200000, 0x0000000747200000, 0x0000000747300000|  0%| F|  |TAMS 0x0000000747200000, 0x0000000747200000| Untracked 
| 115|0x0000000747300000, 0x0000000747300000, 0x0000000747400000|  0%| F|  |TAMS 0x0000000747300000, 0x0000000747300000| Untracked 
| 116|0x0000000747400000, 0x0000000747400000, 0x0000000747500000|  0%| F|  |TAMS 0x0000000747400000, 0x0000000747400000| Untracked 
| 117|0x0000000747500000, 0x0000000747500000, 0x0000000747600000|  0%| F|  |TAMS 0x0000000747500000, 0x0000000747500000| Untracked 
| 118|0x0000000747600000, 0x0000000747600000, 0x0000000747700000|  0%| F|  |TAMS 0x0000000747600000, 0x0000000747600000| Untracked 
| 119|0x0000000747700000, 0x0000000747800000, 0x0000000747800000|100%| E|  |TAMS 0x0000000747700000, 0x0000000747700000| Complete 
| 120|0x0000000747800000, 0x0000000747900000, 0x0000000747900000|100%| E|CS|TAMS 0x0000000747800000, 0x0000000747800000| Complete 
| 121|0x0000000747900000, 0x0000000747a00000, 0x0000000747a00000|100%| E|CS|TAMS 0x0000000747900000, 0x0000000747900000| Complete 
| 122|0x0000000747a00000, 0x0000000747b00000, 0x0000000747b00000|100%| E|CS|TAMS 0x0000000747a00000, 0x0000000747a00000| Complete 
| 123|0x0000000747b00000, 0x0000000747c00000, 0x0000000747c00000|100%| E|CS|TAMS 0x0000000747b00000, 0x0000000747b00000| Complete 
| 124|0x0000000747c00000, 0x0000000747d00000, 0x0000000747d00000|100%| E|CS|TAMS 0x0000000747c00000, 0x0000000747c00000| Complete 
| 125|0x0000000747d00000, 0x0000000747e00000, 0x0000000747e00000|100%| E|CS|TAMS 0x0000000747d00000, 0x0000000747d00000| Complete 
| 126|0x0000000747e00000, 0x0000000747f00000, 0x0000000747f00000|100%| E|CS|TAMS 0x0000000747e00000, 0x0000000747e00000| Complete 
| 127|0x0000000747f00000, 0x0000000748000000, 0x0000000748000000|100%| E|CS|TAMS 0x0000000747f00000, 0x0000000747f00000| Complete 

Card table byte_map: [0x000000011f768000,0x000000011fb68000] _byte_map_base: 0x000000011bd68000

Marking Bits (Prev, Next): (CMBitMap*) 0x000000014e80d210, (CMBitMap*) 0x000000014e80d250
 Prev Bits: [0x000000011ff68000, 0x0000000121f68000)
 Next Bits: [0x0000000121f68000, 0x0000000123f68000)

Polling page: 0x00000001026d0000

Metaspace:

Usage:
  Non-class:      9.18 MB used.
      Class:   1007.31 KB used.
       Both:     10.16 MB used.

Virtual space:
  Non-class space:       16.00 MB reserved,       9.25 MB ( 58%) committed,  2 nodes.
      Class space:        1.00 GB reserved,       1.06 MB ( <1%) committed,  1 nodes.
              Both:        1.02 GB reserved,      10.31 MB ( <1%) committed. 

Chunk freelists:
   Non-Class:  2.53 MB
       Class:  2.94 MB
        Both:  5.47 MB

MaxMetaspaceSize: 17179869184.00 GB
CompressedClassSpaceSize: 1.00 GB
 - commit_granule_bytes: 65536.
 - commit_granule_words: 8192.
 - virtual_space_node_default_size: 1048576.
 - enlarge_chunks_in_place: 1.
 - new_chunks_are_fully_committed: 0.
 - uncommit_free_chunks: 1.
 - use_allocation_guard: 0.
 - handle_deallocations: 1.


Internal statistics:

num_allocs_failed_limit: 0.
num_arena_births: 104.
num_arena_deaths: 0.
num_vsnodes_births: 3.
num_vsnodes_deaths: 0.
num_space_committed: 165.
num_space_uncommitted: 0.
num_chunks_returned_to_freelist: 0.
num_chunks_taken_from_freelist: 207.
num_chunk_merges: 0.
num_chunk_splits: 126.
num_chunks_enlarged: 84.
num_purges: 0.

CodeHeap 'non-profiled nmethods': size=120032Kb used=173Kb max_used=173Kb free=119859Kb
 bounds [0x0000000118230000, 0x00000001184a0000, 0x000000011f768000]
CodeHeap 'profiled nmethods': size=120016Kb used=1034Kb max_used=1034Kb free=118982Kb
 bounds [0x0000000110cfc000, 0x0000000110f6c000, 0x0000000118230000]
CodeHeap 'non-nmethods': size=5712Kb used=1080Kb max_used=1109Kb free=4631Kb
 bounds [0x0000000110768000, 0x00000001109d8000, 0x0000000110cfc000]
 total_blobs=988 nmethods=605 adapters=300
 compilation: enabled
              stopped_count=0, restarted_count=0
 full_count=0

Compilation events (20 events):
Event: 0.347 Thread 0x000000013e04b800 nmethod 593 0x0000000118259790 code [0x0000000118259940, 0x0000000118259a50]
Event: 0.347 Thread 0x000000014e010a00  595   !   3       java.net.URL::<init> (543 bytes)
Event: 0.348 Thread 0x000000013e04b800  599       4       java.lang.StringLatin1::indexOf (36 bytes)
Event: 0.349 Thread 0x000000013e04b800 nmethod 599 0x0000000118259b10 code [0x0000000118259cc0, 0x0000000118259ea0]
Event: 0.349 Thread 0x000000014e010a00 nmethod 595 0x0000000110df0e10 code [0x0000000110df1740, 0x0000000110df52f8]
Event: 0.349 Thread 0x000000014e010a00  598   !   3       jdk.internal.ref.PhantomCleanable::insert (53 bytes)
Event: 0.349 Thread 0x000000014e010a00 nmethod 598 0x0000000110df7690 code [0x0000000110df7840, 0x0000000110df7c28]
Event: 0.349 Thread 0x000000014e010a00  596       3       java.lang.ref.Cleaner::register (25 bytes)
Event: 0.349 Thread 0x000000014e010a00 nmethod 596 0x0000000110df7d90 code [0x0000000110df7fc0, 0x0000000110df8538]
Event: 0.349 Thread 0x000000014e010a00  597       3       jdk.internal.ref.CleanerImpl$PhantomCleanableRef::<init> (12 bytes)
Event: 0.350 Thread 0x000000014e010a00 nmethod 597 0x0000000110df8790 code [0x0000000110df8940, 0x0000000110df8b58]
Event: 0.350 Thread 0x000000014e010a00  600       3       java.util.jar.JarFile::getManifest (5 bytes)
Event: 0.350 Thread 0x000000014e010a00 nmethod 600 0x0000000110df8c10 code [0x0000000110df8dc0, 0x0000000110df8f58]
Event: 0.351 Thread 0x000000013e04b800  601       4       java.lang.String::substring (58 bytes)
Event: 0.353 Thread 0x000000013e04b800 nmethod 601 0x0000000118259f90 code [0x000000011825a180, 0x000000011825a660]
Event: 0.377 Thread 0x000000014e010a00  604       3       java.util.Collections$SetFromMap::add (22 bytes)
Event: 0.377 Thread 0x000000014e010a00 nmethod 604 0x0000000110df9010 code [0x0000000110df91c0, 0x0000000110df9458]
Event: 0.378 Thread 0x000000014e010a00  605       3       java.lang.ref.Reference::clear (5 bytes)
Event: 0.378 Thread 0x000000014e010a00 nmethod 605 0x0000000110df9510 code [0x0000000110df96c0, 0x0000000110df9858]
Event: 0.378 Thread 0x000000014e010a00  607       3       java.net.URL::isBuiltinStreamHandler (32 bytes)

GC Heap History (0 events):
No events

Deoptimization events (4 events):
Event: 0.259 Thread 0x000000013e00a400 DEOPT PACKING pc=0x0000000110d1b804 sp=0x000000016da4d560
Event: 0.259 Thread 0x000000013e00a400 DEOPT UNPACKING pc=0x00000001107a1bfc sp=0x000000016da4d290 mode 0
Event: 0.267 Thread 0x000000013e00a400 DEOPT PACKING pc=0x0000000110d14ee4 sp=0x000000016da4a190
Event: 0.267 Thread 0x000000013e00a400 DEOPT UNPACKING pc=0x00000001107a1bfc sp=0x000000016da49f20 mode 0

Classes unloaded (0 events):
No events

Classes redefined (0 events):
No events

Internal exceptions (20 events):
Event: 0.244 Thread 0x000000013e00a400 Exception <a 'java/lang/NoSuchMethodError'{0x0000000747c3d2e8}: 'java.lang.Object java.lang.invoke.DirectMethodHandle$Holder.newInvokeSpecial(java.lang.Object, java.lang.Object, java.lang.Object)'> (0x0000000747c3d2e8) 
thrown [src/hotspot/share/interpreter/linkResolver.cpp, line 790]
Event: 0.245 Thread 0x000000013e00a400 Exception <a 'java/lang/NoSuchMethodError'{0x0000000747c40e68}: 'java.lang.Object java.lang.invoke.DirectMethodHandle$Holder.invokeSpecial(java.lang.Object, java.lang.Object, java.lang.Object, java.lang.Object)'> (0x0000000747c40e68) 
thrown [src/hotspot/share/interpreter/linkResolver.cpp, line 790]
Event: 0.245 Thread 0x000000013e00a400 Exception <a 'java/lang/NoSuchMethodError'{0x0000000747c44450}: 'java.lang.Object java.lang.invoke.Invokers$Holder.linkToTargetMethod(java.lang.Object, java.lang.Object, java.lang.Object)'> (0x0000000747c44450) 
thrown [src/hotspot/share/interpreter/linkResolver.cpp, line 790]
Event: 0.315 Thread 0x000000013e00a400 Exception <a 'java/lang/NoSuchMethodError'{0x00000007479e2a80}: 'java.lang.Object java.lang.invoke.DirectMethodHandle$Holder.invokeStatic(java.lang.Object, java.lang.Object, java.lang.Object, java.lang.Object, java.lang.Object, java.lang.Object)'> (0x00000007479e2a80) 
thrown [src/hotspot/share/interpreter/linkResolver.cpp, line 790]
Event: 0.315 Thread 0x000000013e00a400 Exception <a 'java/lang/NoSuchMethodError'{0x00000007479e6ee8}: 'java.lang.Object java.lang.invoke.DirectMethodHandle$Holder.invokeSpecial(java.lang.Object, java.lang.Object, java.lang.Object, java.lang.Object, java.lang.Object, java.lang.Object, java.lang.Object)'> (0x00000007479e6ee8) 
thrown [src/hotspot/share/interpreter/linkResolver.cpp, line 790]
Event: 0.316 Thread 0x000000013e00a400 Exception <a 'java/lang/NoSuchMethodError'{0x00000007479eb270}: 'java.lang.Object java.lang.invoke.DelegatingMethodHandle$Holder.delegate(java.lang.Object, java.lang.Object, java.lang.Object, java.lang.Object, java.lang.Object, java.lang.Object)'> (0x00000007479eb270) 
thrown [src/hotspot/share/interpreter/linkResolver.cpp, line 790]
Event: 0.316 Thread 0x000000013e00a400 Exception <a 'java/lang/NoSuchMethodError'{0x00000007479ef8a0}: 'java.lang.Object java.lang.invoke.Invokers$Holder.invokeExact_MT(java.lang.Object, java.lang.Object, java.lang.Object, java.lang.Object, java.lang.Object, java.lang.Object, java.lang.Object)'> (0x00000007479ef8a0) 
thrown [src/hotspot/share/interpreter/linkResolver.cpp, line 790]
Event: 0.318 Thread 0x000000013e00a400 Exception <a 'java/lang/NoSuchMethodError'{0x0000000747806df0}: 'java.lang.Object java.lang.invoke.DirectMethodHandle$Holder.invokeStatic(java.lang.Object, java.lang.Object, java.lang.Object, java.lang.Object, java.lang.Object)'> (0x0000000747806df0) 
thrown [src/hotspot/share/interpreter/linkResolver.cpp, line 790]
Event: 0.321 Thread 0x000000013e00a400 Exception <a 'java/lang/NoSuchMethodError'{0x0000000747818e68}: 'int java.lang.invoke.DirectMethodHandle$Holder.invokeSpecial(java.lang.Object, java.lang.Object)'> (0x0000000747818e68) 
thrown [src/hotspot/share/interpreter/linkResolver.cpp, line 790]
Event: 0.321 Thread 0x000000013e00a400 Exception <a 'java/lang/NoSuchMethodError'{0x000000074781ee78}: 'java.lang.Object java.lang.invoke.DirectMethodHandle$Holder.newInvokeSpecial(java.lang.Object)'> (0x000000074781ee78) 
thrown [src/hotspot/share/interpreter/linkResolver.cpp, line 790]
Event: 0.324 Thread 0x000000013e00a400 Exception <a 'java/lang/NoSuchMethodError'{0x00000007478298a0}: 'void java.lang.invoke.DirectMethodHandle$Holder.invokeSpecial(java.lang.Object, java.lang.Object, java.lang.Object)'> (0x00000007478298a0) 
thrown [src/hotspot/share/interpreter/linkResolver.cpp, line 790]
Event: 0.327 Thread 0x000000013e00a400 Exception <a 'java/lang/NoSuchMethodError'{0x000000074783b148}: 'void java.lang.invoke.DirectMethodHandle$Holder.invokeSpecial(java.lang.Object, java.lang.Object, java.lang.Object, java.lang.Object)'> (0x000000074783b148) 
thrown [src/hotspot/share/interpreter/linkResolver.cpp, line 790]
Event: 0.329 Thread 0x000000013e00a400 Exception <a 'java/lang/NoSuchMethodError'{0x00000007478432d8}: 'java.lang.Object java.lang.invoke.DirectMethodHandle$Holder.invokeSpecial(java.lang.Object, java.lang.Object, java.lang.Object, java.lang.Object, java.lang.Object)'> (0x00000007478432d8) 
thrown [src/hotspot/share/interpreter/linkResolver.cpp, line 790]
Event: 0.329 Thread 0x000000013e00a400 Exception <a 'java/lang/NoSuchMethodError'{0x000000074784aed0}: 'java.lang.Object java.lang.invoke.DirectMethodHandle$Holder.newInvokeSpecial(java.lang.Object, java.lang.Object, java.lang.Object, java.lang.Object)'> (0x000000074784aed0) 
thrown [src/hotspot/share/interpreter/linkResolver.cpp, line 790]
Event: 0.330 Thread 0x000000013e00a400 Exception <a 'java/lang/NoSuchMethodError'{0x000000074784ef08}: 'java.lang.Object java.lang.invoke.Invokers$Holder.linkToTargetMethod(java.lang.Object, java.lang.Object, java.lang.Object, java.lang.Object)'> (0x000000074784ef08) 
thrown [src/hotspot/share/interpreter/linkResolver.cpp, line 790]
Event: 0.333 Thread 0x000000013e00a400 Exception <a 'java/lang/NoSuchMethodError'{0x000000074787ba48}: 'java.lang.Object java.lang.invoke.DirectMethodHandle$Holder.newInvokeSpecial(java.lang.Object, java.lang.Object, java.lang.Object, java.lang.Object, java.lang.Object)'> (0x000000074787ba48) 
thrown [src/hotspot/share/interpreter/linkResolver.cpp, line 790]
Event: 0.333 Thread 0x000000013e00a400 Exception <a 'java/lang/NoSuchMethodError'{0x000000074787f7f8}: 'java.lang.Object java.lang.invoke.DirectMethodHandle$Holder.invokeSpecial(java.lang.Object, java.lang.Object, java.lang.Object, java.lang.Object, java.lang.Object, java.lang.Object)'> (0x000000074787f7f8) 
thrown [src/hotspot/share/interpreter/linkResolver.cpp, line 790]
Event: 0.333 Thread 0x000000013e00a400 Exception <a 'java/lang/NoSuchMethodError'{0x0000000747882fb8}: 'java.lang.Object java.lang.invoke.Invokers$Holder.linkToTargetMethod(java.lang.Object, java.lang.Object, java.lang.Object, java.lang.Object, java.lang.Object)'> (0x0000000747882fb8) 
thrown [src/hotspot/share/interpreter/linkResolver.cpp, line 790]
Event: 0.335 Thread 0x000000013e00a400 Exception <a 'java/lang/NoSuchMethodError'{0x00000007478ab430}: 'java.lang.Object java.lang.invoke.DirectMethodHandle$Holder.invokeStaticInit(java.lang.Object, java.lang.Object)'> (0x00000007478ab430) 
thrown [src/hotspot/share/interpreter/linkResolver.cpp, line 790]
Event: 0.378 Thread 0x000000013e00a400 Exception <a 'java/lang/NoClassDefFoundError'{0x00000007477f8070}: org/slf4j/impl/StaticLoggerBinder> (0x00000007477f8070) 
thrown [src/hotspot/share/classfile/systemDictionary.cpp, line 245]

Events (20 events):
Event: 0.327 loading class java/util/logging/LogManager$4 done
Event: 0.327 loading class java/util/logging/Logger$SystemLoggerHelper
Event: 0.327 loading class java/util/logging/Logger$SystemLoggerHelper done
Event: 0.327 loading class java/util/logging/Logger$SystemLoggerHelper$1
Event: 0.327 loading class java/util/logging/Logger$SystemLoggerHelper$1 done
Event: 0.327 loading class jdk/internal/logger/DefaultLoggerFinder$1
Event: 0.327 loading class jdk/internal/logger/DefaultLoggerFinder$1 done
Event: 0.328 loading class java/lang/invoke/DirectMethodHandle$Special
Event: 0.328 loading class java/lang/invoke/DirectMethodHandle$Special done
Event: 0.339 loading class java/time/temporal/TemporalAccessor
Event: 0.340 loading class java/time/temporal/TemporalAccessor done
Event: 0.376 Loaded shared library /Library/Java/JavaVirtualMachines/zulu-16.jdk/Contents/Home/lib/libverify.dylib
Event: 0.376 loading class java/lang/NoSuchFieldError
Event: 0.376 loading class java/lang/NoSuchFieldError done
Event: 0.377 loading class java/util/concurrent/LinkedBlockingQueue
Event: 0.377 loading class java/util/concurrent/LinkedBlockingQueue done
Event: 0.377 loading class java/util/concurrent/LinkedBlockingQueue$Node
Event: 0.377 loading class java/util/concurrent/LinkedBlockingQueue$Node done
Event: 0.378 loading class java/util/LinkedHashSet
Event: 0.378 loading class java/util/LinkedHashSet done


Dynamic libraries:
0x00000001aaed9000 	/usr/lib/libz.1.dylib
0x0000000102670000 	/Library/Java/JavaVirtualMachines/zulu-16.jdk/Contents/Home/lib/libjli.dylib
0x00000001b53e3000 	/System/Library/Frameworks/Cocoa.framework/Versions/A/Cocoa
0x00000001a3326000 	/System/Library/Frameworks/Security.framework/Versions/A/Security
0x00000001b3751000 	/System/Library/Frameworks/ApplicationServices.framework/Versions/A/ApplicationServices
0x00000001aaf7f000 	/usr/lib/libSystem.B.dylib
0x00000001aaf79000 	/usr/lib/system/libcache.dylib
0x00000001aaf38000 	/usr/lib/system/libcommonCrypto.dylib
0x00000001aaf62000 	/usr/lib/system/libcompiler_rt.dylib
0x00000001aaf59000 	/usr/lib/system/libcopyfile.dylib
0x00000001a129c000 	/usr/lib/system/libcorecrypto.dylib
0x00000001a133c000 	/usr/lib/system/libdispatch.dylib
0x00000001a14f5000 	/usr/lib/system/libdyld.dylib
0x00000001aaf6f000 	/usr/lib/system/libkeymgr.dylib
0x00000001ae3a0000 	/usr/lib/system/liblaunch.dylib
0x00000001aaf1a000 	/usr/lib/system/libmacho.dylib
0x00000001aa78c000 	/usr/lib/system/libquarantine.dylib
0x00000001aaf6c000 	/usr/lib/system/libremovefile.dylib
0x00000001a5d82000 	/usr/lib/system/libsystem_asl.dylib
0x00000001a124a000 	/usr/lib/system/libsystem_blocks.dylib
0x00000001a13be000 	/usr/lib/system/libsystem_c.dylib
0x00000001aaf66000 	/usr/lib/system/libsystem_collections.dylib
0x00000001a9dc6000 	/usr/lib/system/libsystem_configuration.dylib
0x00000001a9149000 	/usr/lib/system/libsystem_containermanager.dylib
0x00000001aacef000 	/usr/lib/system/libsystem_coreservices.dylib
0x00000001a38fd000 	/usr/lib/system/libsystem_darwin.dylib
0x00000001aaf70000 	/usr/lib/system/libsystem_dnssd.dylib
0x00000001a13bb000 	/usr/lib/system/libsystem_featureflags.dylib
0x00000001a153e000 	/usr/lib/system/libsystem_info.dylib
0x00000001aaeeb000 	/usr/lib/system/libsystem_m.dylib
0x00000001a1310000 	/usr/lib/system/libsystem_malloc.dylib
0x00000001a5d1d000 	/usr/lib/system/libsystem_networkextension.dylib
0x00000001a3d40000 	/usr/lib/system/libsystem_notify.dylib
0x00000001b084e000 	/usr/lib/system/libsystem_product_info_filter.dylib
0x00000001a9dcb000 	/usr/lib/system/libsystem_sandbox.dylib
0x00000001aaf69000 	/usr/lib/system/libsystem_secinit.dylib
0x00000001a14b4000 	/usr/lib/system/libsystem_kernel.dylib
0x00000001a1537000 	/usr/lib/system/libsystem_platform.dylib
0x00000001a14e8000 	/usr/lib/system/libsystem_pthread.dylib
0x00000001a72ef000 	/usr/lib/system/libsystem_symptoms.dylib
0x00000001a1284000 	/usr/lib/system/libsystem_trace.dylib
0x00000001aaf46000 	/usr/lib/system/libunwind.dylib
0x00000001a124c000 	/usr/lib/system/libxpc.dylib
0x00000001a149c000 	/usr/lib/libc++abi.dylib
0x00000001a1381000 	/usr/lib/libobjc.A.dylib
0x00000001aaf51000 	/usr/lib/liboah.dylib
0x00000001a1440000 	/usr/lib/libc++.1.dylib
0x00000001a156a000 	/System/Library/Frameworks/CoreFoundation.framework/Versions/A/CoreFoundation
0x00000001a2331000 	/System/Library/Frameworks/Foundation.framework/Versions/C/Foundation
0x00000001a3d9a000 	/System/Library/Frameworks/AppKit.framework/Versions/C/AppKit
0x00000001a6bb8000 	/System/Library/Frameworks/CoreData.framework/Versions/A/CoreData
0x00000001a4ada000 	/System/Library/PrivateFrameworks/UIFoundation.framework/Versions/A/UIFoundation
0x00000001b05e0000 	/System/Library/PrivateFrameworks/RemoteViewServices.framework/Versions/A/RemoteViewServices
0x00000001a97fa000 	/System/Library/PrivateFrameworks/XCTTargetBootstrap.framework/Versions/A/XCTTargetBootstrap
0x00000001ac139000 	/usr/lib/libspindump.dylib
0x00000001a4d01000 	/System/Library/Frameworks/UniformTypeIdentifiers.framework/Versions/A/UniformTypeIdentifiers
0x00000001a7de2000 	/usr/lib/libapp_launch_measurement.dylib
0x00000001a7de5000 	/System/Library/PrivateFrameworks/CoreAutoLayout.framework/Versions/A/CoreAutoLayout
0x00000001a9177000 	/System/Library/Frameworks/Metal.framework/Versions/A/Metal
0x00000001a9dd6000 	/usr/lib/liblangid.dylib
0x00000001a97fe000 	/System/Library/PrivateFrameworks/CoreSVG.framework/Versions/A/CoreSVG
0x00000001a5db4000 	/System/Library/PrivateFrameworks/SkyLight.framework/Versions/A/SkyLight
0x00000001a611f000 	/System/Library/Frameworks/CoreGraphics.framework/Versions/A/CoreGraphics
0x00000001b0b00000 	/System/Library/Frameworks/Accelerate.framework/Versions/A/Accelerate
0x00000001abb93000 	/System/Library/PrivateFrameworks/IconServices.framework/Versions/A/IconServices
0x00000001a915b000 	/System/Library/Frameworks/IOSurface.framework/Versions/A/IOSurface
0x00000001a7486000 	/usr/lib/libDiagnosticMessagesClient.dylib
0x00000001a97e2000 	/System/Library/PrivateFrameworks/DFRFoundation.framework/Versions/A/DFRFoundation
0x00000001a368b000 	/usr/lib/libicucore.A.dylib
0x00000001ad68a000 	/System/Library/Frameworks/AudioToolbox.framework/Versions/A/AudioToolbox
0x00000001ac89f000 	/System/Library/PrivateFrameworks/DataDetectorsCore.framework/Versions/A/DataDetectorsCore
0x00000001a5d2f000 	/usr/lib/libMobileGestalt.dylib
0x00000001a94d7000 	/System/Library/Frameworks/Carbon.framework/Versions/A/Frameworks/HIToolbox.framework/Versions/A/HIToolbox
0x00000001a7881000 	/System/Library/Frameworks/QuartzCore.framework/Versions/A/QuartzCore
0x00000001b0618000 	/System/Library/Frameworks/Carbon.framework/Versions/A/Frameworks/SpeechRecognition.framework/Versions/A/SpeechRecognition
0x00000001a7b80000 	/System/Library/PrivateFrameworks/CoreUI.framework/Versions/A/CoreUI
0x00000001a2d0b000 	/System/Library/Frameworks/CoreAudio.framework/Versions/A/CoreAudio
0x00000001a756f000 	/System/Library/Frameworks/DiskArbitration.framework/Versions/A/DiskArbitration
0x00000001ac4ec000 	/System/Library/PrivateFrameworks/MultitouchSupport.framework/Versions/A/MultitouchSupport
0x00000001ac896000 	/System/Library/PrivateFrameworks/InternationalSupport.framework/Versions/A/InternationalSupport
0x00000001a5d2d000 	/usr/lib/libenergytrace.dylib
0x00000001a3c74000 	/System/Library/Frameworks/IOKit.framework/Versions/A/IOKit
0x00000001b0943000 	/System/Library/Frameworks/CoreServices.framework/Versions/A/CoreServices
0x00000001a7d78000 	/System/Library/PrivateFrameworks/PerformanceAnalysis.framework/Versions/A/PerformanceAnalysis
0x00000001e34e4000 	/System/Library/Frameworks/OpenGL.framework/Versions/A/OpenGL
0x00000001ac914000 	/System/Library/PrivateFrameworks/UserActivity.framework/Versions/A/UserActivity
0x00000001a670d000 	/System/Library/Frameworks/ColorSync.framework/Versions/A/ColorSync
0x00000001a9a48000 	/System/Library/Frameworks/CoreImage.framework/Versions/A/CoreImage
0x00000001a2b3b000 	/System/Library/Frameworks/CoreText.framework/Versions/A/CoreText
0x00000001a9829000 	/System/Library/Frameworks/ImageIO.framework/Versions/A/ImageIO
0x00000001aaf85000 	/System/Library/PrivateFrameworks/SoftLinking.framework/Versions/A/SoftLinking
0x00000001a7e28000 	/usr/lib/libxml2.2.dylib
0x00000001ab205000 	/usr/lib/libcompression.dylib
0x00000001ac7e2000 	/System/Library/PrivateFrameworks/TextureIO.framework/Versions/A/TextureIO
0x00000001ab8f0000 	/usr/lib/libate.dylib
0x00000001ab739000 	/usr/lib/liblzma.5.dylib
0x00000001a2046000 	/System/Library/Frameworks/SystemConfiguration.framework/Versions/A/SystemConfiguration
0x00000001aaf81000 	/usr/lib/libfakelink.dylib
0x00000001a5894000 	/System/Library/Frameworks/CFNetwork.framework/Versions/A/CFNetwork
0x00000001ab0cb000 	/usr/lib/libarchive.2.dylib
0x00000001a20ce000 	/usr/lib/libCRFSuite.dylib
0x00000001aa7b6000 	/usr/lib/libbsm.0.dylib
0x00000001a514b000 	/usr/lib/libnetwork.dylib
0x00000001aaf86000 	/usr/lib/libpcap.A.dylib
0x00000001a72e7000 	/usr/lib/libdns_services.dylib
0x00000001ab752000 	/usr/lib/libcoretls_cfhelpers.dylib
0x00000001ab1d4000 	/usr/lib/libapple_nghttp2.dylib
0x00000001aaf20000 	/usr/lib/system/libkxld.dylib
0x00000001a6f78000 	/usr/lib/libsqlite3.dylib
0x00000001aacd2000 	/System/Library/PrivateFrameworks/AppleFSCompression.framework/Versions/A/AppleFSCompression
0x00000001aa79f000 	/usr/lib/libcoretls.dylib
0x00000001ab200000 	/usr/lib/libpam.2.dylib
0x00000001ab839000 	/usr/lib/libxar.1.dylib
0x00000001a9dd2000 	/System/Library/PrivateFrameworks/AppleSystemInfo.framework/Versions/A/AppleSystemInfo
0x00000001aa3ef000 	/System/Library/PrivateFrameworks/IOMobileFramebuffer.framework/Versions/A/IOMobileFramebuffer
0x00000001aace2000 	/usr/lib/libbz2.1.0.dylib
0x00000001aafc2000 	/usr/lib/libiconv.2.dylib
0x00000001aaf19000 	/usr/lib/libcharset.1.dylib
0x00000001a7db1000 	/System/Library/Frameworks/CoreServices.framework/Versions/A/Frameworks/FSEvents.framework/Versions/A/FSEvents
0x00000001a3908000 	/System/Library/Frameworks/CoreServices.framework/Versions/A/Frameworks/CarbonCore.framework/Versions/A/CarbonCore
0x00000001a74d5000 	/System/Library/Frameworks/CoreServices.framework/Versions/A/Frameworks/Metadata.framework/Versions/A/Metadata
0x00000001aacf4000 	/System/Library/Frameworks/CoreServices.framework/Versions/A/Frameworks/OSServices.framework/Versions/A/OSServices
0x00000001ab13c000 	/System/Library/Frameworks/CoreServices.framework/Versions/A/Frameworks/SearchKit.framework/Versions/A/SearchKit
0x00000001a7273000 	/System/Library/Frameworks/CoreServices.framework/Versions/A/Frameworks/AE.framework/Versions/A/AE
0x00000001a1a19000 	/System/Library/Frameworks/CoreServices.framework/Versions/A/Frameworks/LaunchServices.framework/Versions/A/LaunchServices
0x00000001ab6e6000 	/System/Library/Frameworks/CoreServices.framework/Versions/A/Frameworks/DictionaryServices.framework/Versions/A/DictionaryServices
0x00000001a7dbe000 	/System/Library/Frameworks/CoreServices.framework/Versions/A/Frameworks/SharedFileList.framework/Versions/A/SharedFileList
0x00000001aa78f000 	/usr/lib/libCheckFix.dylib
0x00000001a5d9a000 	/System/Library/PrivateFrameworks/TCC.framework/Versions/A/TCC
0x00000001a9dd8000 	/System/Library/PrivateFrameworks/CoreNLP.framework/Versions/A/CoreNLP
0x00000001a7489000 	/System/Library/PrivateFrameworks/MetadataUtilities.framework/Versions/A/MetadataUtilities
0x00000001a2102000 	/usr/lib/libmecabra.dylib
0x00000001aaa75000 	/System/Library/Frameworks/MLCompute.framework/Versions/A/MLCompute
0x00000001aa7c7000 	/usr/lib/libmecab.dylib
0x00000001aa80d000 	/usr/lib/libgermantok.dylib
0x00000001ab1ad000 	/usr/lib/libThaiTokenizer.dylib
0x00000001ab875000 	/usr/lib/libChineseTokenizer.dylib
0x00000001ab1fe000 	/System/Library/Frameworks/MetalPerformanceShaders.framework/Versions/A/MetalPerformanceShaders
0x00000001a7576000 	/System/Library/Frameworks/Accelerate.framework/Versions/A/Frameworks/vImage.framework/Versions/A/vImage
0x00000001b0921000 	/System/Library/Frameworks/Accelerate.framework/Versions/A/Frameworks/vecLib.framework/Versions/A/vecLib
0x00000001ab880000 	/System/Library/Frameworks/Accelerate.framework/Versions/A/Frameworks/vecLib.framework/Versions/A/libvMisc.dylib
0x00000001aa32d000 	/System/Library/Frameworks/Accelerate.framework/Versions/A/Frameworks/vecLib.framework/Versions/A/libvDSP.dylib
0x00000001a1d2c000 	/System/Library/Frameworks/Accelerate.framework/Versions/A/Frameworks/vecLib.framework/Versions/A/libBLAS.dylib
0x00000001ab229000 	/System/Library/Frameworks/Accelerate.framework/Versions/A/Frameworks/vecLib.framework/Versions/A/libLAPACK.dylib
0x00000001aa812000 	/System/Library/Frameworks/Accelerate.framework/Versions/A/Frameworks/vecLib.framework/Versions/A/libLinearAlgebra.dylib
0x00000001ab1eb000 	/System/Library/Frameworks/Accelerate.framework/Versions/A/Frameworks/vecLib.framework/Versions/A/libSparseBLAS.dylib
0x00000001ab224000 	/System/Library/Frameworks/Accelerate.framework/Versions/A/Frameworks/vecLib.framework/Versions/A/libQuadrature.dylib
0x00000001a9e6e000 	/System/Library/Frameworks/Accelerate.framework/Versions/A/Frameworks/vecLib.framework/Versions/A/libBNNS.dylib
0x00000001a1fe2000 	/System/Library/Frameworks/Accelerate.framework/Versions/A/Frameworks/vecLib.framework/Versions/A/libSparse.dylib
0x00000001a9d61000 	/System/Library/Frameworks/MetalPerformanceShaders.framework/Versions/A/Frameworks/MPSCore.framework/Versions/A/MPSCore
0x00000001aac4a000 	/System/Library/Frameworks/MetalPerformanceShaders.framework/Versions/A/Frameworks/MPSImage.framework/Versions/A/MPSImage
0x00000001aa827000 	/System/Library/Frameworks/MetalPerformanceShaders.framework/Versions/A/Frameworks/MPSNeuralNetwork.framework/Versions/A/MPSNeuralNetwork
0x00000001aabc8000 	/System/Library/Frameworks/MetalPerformanceShaders.framework/Versions/A/Frameworks/MPSMatrix.framework/Versions/A/MPSMatrix
0x00000001aaa2b000 	/System/Library/Frameworks/MetalPerformanceShaders.framework/Versions/A/Frameworks/MPSRayIntersector.framework/Versions/A/MPSRayIntersector
0x00000001aabf7000 	/System/Library/Frameworks/MetalPerformanceShaders.framework/Versions/A/Frameworks/MPSNDArray.framework/Versions/A/MPSNDArray
0x00000001a1c52000 	/System/Library/PrivateFrameworks/MetalTools.framework/Versions/A/MetalTools
0x00000001a9dd0000 	/System/Library/PrivateFrameworks/AggregateDictionary.framework/Versions/A/AggregateDictionary
0x00000001a7453000 	/System/Library/PrivateFrameworks/CoreAnalytics.framework/Versions/A/CoreAnalytics
0x00000001ab1af000 	/System/Library/PrivateFrameworks/AppleSauce.framework/Versions/A/AppleSauce
0x00000001a916d000 	/System/Library/PrivateFrameworks/IOAccelerator.framework/Versions/A/IOAccelerator
0x00000001e34d7000 	/System/Library/Frameworks/OpenGL.framework/Versions/A/Libraries/libCoreFSCache.dylib
0x00000001a26be000 	/System/Library/PrivateFrameworks/LanguageModeling.framework/Versions/A/LanguageModeling
0x00000001aa3dc000 	/System/Library/PrivateFrameworks/CoreEmoji.framework/Versions/A/CoreEmoji
0x00000001a9e66000 	/System/Library/PrivateFrameworks/LinguisticData.framework/Versions/A/LinguisticData
0x00000001a1f97000 	/System/Library/PrivateFrameworks/Lexicon.framework/Versions/A/Lexicon
0x00000001ab0b8000 	/usr/lib/libcmph.dylib
0x00000001a7d91000 	/System/Library/Frameworks/OpenDirectory.framework/Versions/A/Frameworks/CFOpenDirectory.framework/Versions/A/CFOpenDirectory
0x00000001a7d83000 	/System/Library/Frameworks/OpenDirectory.framework/Versions/A/OpenDirectory
0x00000001ab754000 	/System/Library/PrivateFrameworks/APFS.framework/Versions/A/APFS
0x00000001aa6f8000 	/System/Library/Frameworks/SecurityFoundation.framework/Versions/A/SecurityFoundation
0x00000001ab847000 	/usr/lib/libutil.dylib
0x00000001a3c38000 	/System/Library/PrivateFrameworks/CoreServicesStore.framework/Versions/A/CoreServicesStore
0x00000001aa786000 	/System/Library/Frameworks/ServiceManagement.framework/Versions/A/ServiceManagement
0x00000001ab84b000 	/usr/lib/libxslt.1.dylib
0x00000001aa77c000 	/System/Library/PrivateFrameworks/BackgroundTaskManagement.framework/Versions/A/BackgroundTaskManagement
0x00000001ac731000 	/System/Library/Frameworks/ImageIO.framework/Versions/A/Resources/libRadiance.dylib
0x00000001ac73a000 	/System/Library/Frameworks/ImageIO.framework/Versions/A/Resources/libJPEG.dylib
0x00000001ac689000 	/System/Library/Frameworks/ImageIO.framework/Versions/A/Resources/libPng.dylib
0x00000001ac6b0000 	/System/Library/Frameworks/ImageIO.framework/Versions/A/Resources/libTIFF.dylib
0x00000001ac78b000 	/System/Library/Frameworks/ImageIO.framework/Versions/A/Resources/libGIF.dylib
0x00000001ac406000 	/System/Library/Frameworks/ImageIO.framework/Versions/A/Resources/libJP2.dylib
0x00000001abb5d000 	/usr/lib/libexpat.1.dylib
0x00000001ac3c2000 	/System/Library/PrivateFrameworks/AppleJPEG.framework/Versions/A/AppleJPEG
0x00000001a937e000 	/System/Library/PrivateFrameworks/FontServices.framework/libFontParser.dylib
0x00000001a7225000 	/System/Library/PrivateFrameworks/RunningBoardServices.framework/Versions/A/RunningBoardServices
0x00000001b5912000 	/System/Library/PrivateFrameworks/IOSurfaceAccelerator.framework/Versions/A/IOSurfaceAccelerator
0x00000001ac4e8000 	/System/Library/PrivateFrameworks/WatchdogClient.framework/Versions/A/WatchdogClient
0x00000001a27ae000 	/System/Library/Frameworks/CoreDisplay.framework/Versions/A/CoreDisplay
0x00000001a9286000 	/System/Library/Frameworks/CoreMedia.framework/Versions/A/CoreMedia
0x00000001a7f15000 	/System/Library/Frameworks/CoreVideo.framework/Versions/A/CoreVideo
0x00000001ac525000 	/System/Library/Frameworks/VideoToolbox.framework/Versions/A/VideoToolbox
0x00000001a71a2000 	/System/Library/PrivateFrameworks/BaseBoard.framework/Versions/A/BaseBoard
0x00000001abc9a000 	/System/Library/PrivateFrameworks/PersistentConnection.framework/Versions/A/PersistentConnection
0x00000001a6f61000 	/System/Library/PrivateFrameworks/ProtocolBuffer.framework/Versions/A/ProtocolBuffer
0x00000001a718b000 	/System/Library/PrivateFrameworks/CommonUtilities.framework/Versions/A/CommonUtilities
0x00000001ac387000 	/System/Library/PrivateFrameworks/Bom.framework/Versions/A/Bom
0x00000001ac72c000 	/System/Library/PrivateFrameworks/GPUWrangler.framework/Versions/A/GPUWrangler
0x00000001ac70d000 	/System/Library/PrivateFrameworks/IOPresentment.framework/Versions/A/IOPresentment
0x00000001ac734000 	/System/Library/PrivateFrameworks/DSExternalDisplay.framework/Versions/A/DSExternalDisplay
0x00000001ac790000 	/System/Library/PrivateFrameworks/CMCaptureCore.framework/Versions/A/CMCaptureCore
0x00000001ac122000 	/System/Library/PrivateFrameworks/AppServerSupport.framework/Versions/A/AppServerSupport
0x00000001ae15a000 	/System/Library/PrivateFrameworks/perfdata.framework/Versions/A/perfdata
0x00000001aa6e8000 	/System/Library/PrivateFrameworks/AssertionServices.framework/Versions/A/AssertionServices
0x00000001a28d1000 	/System/Library/PrivateFrameworks/AudioToolboxCore.framework/Versions/A/AudioToolboxCore
0x00000001a9266000 	/System/Library/PrivateFrameworks/caulk.framework/Versions/A/caulk
0x00000001bcf28000 	/System/Library/PrivateFrameworks/SystemPolicy.framework/Versions/A/SystemPolicy
0x00000001ab982000 	/usr/lib/libIOReport.dylib
0x00000001ad9f6000 	/usr/lib/libSMC.dylib
0x00000001ac656000 	/usr/lib/libAudioToolboxUtility.dylib
0x00000001bd8ad000 	/usr/lib/libmis.dylib
0x00000001e3539000 	/System/Library/Frameworks/OpenGL.framework/Versions/A/Libraries/libGLU.dylib
0x00000001e34f7000 	/System/Library/Frameworks/OpenGL.framework/Versions/A/Libraries/libGFXShared.dylib
0x00000001e36df000 	/System/Library/Frameworks/OpenGL.framework/Versions/A/Libraries/libGL.dylib
0x00000001e3500000 	/System/Library/Frameworks/OpenGL.framework/Versions/A/Libraries/libGLImage.dylib
0x00000001e34f4000 	/System/Library/Frameworks/OpenGL.framework/Versions/A/Libraries/libCVMSPluginSupport.dylib
0x00000001e34de000 	/System/Library/Frameworks/OpenGL.framework/Versions/A/Libraries/libCoreVMClient.dylib
0x00000001b4456000 	/System/Library/PrivateFrameworks/ASEProcessing.framework/Versions/A/ASEProcessing
0x00000001abcc1000 	/System/Library/PrivateFrameworks/GraphVisualizer.framework/Versions/A/GraphVisualizer
0x00000001abccf000 	/System/Library/PrivateFrameworks/FaceCore.framework/Versions/A/FaceCore
0x00000001ac0e2000 	/System/Library/PrivateFrameworks/OTSVG.framework/Versions/A/OTSVG
0x00000001a7b3e000 	/System/Library/Frameworks/ApplicationServices.framework/Versions/A/Frameworks/ATS.framework/Versions/A/Resources/libFontRegistry.dylib
0x00000001ac12a000 	/System/Library/PrivateFrameworks/FontServices.framework/libhvf.dylib
0x00000001e387a000 	/System/Library/Frameworks/OpenCL.framework/Versions/A/OpenCL
0x00000001abb11000 	/System/Library/PrivateFrameworks/AppleVA.framework/Versions/A/AppleVA
0x00000001ad842000 	/System/Library/Frameworks/ApplicationServices.framework/Versions/A/Frameworks/ATS.framework/Versions/A/ATS
0x00000001adb55000 	/System/Library/Frameworks/ApplicationServices.framework/Versions/A/Frameworks/ColorSyncLegacy.framework/Versions/A/ColorSyncLegacy
0x00000001a6803000 	/System/Library/Frameworks/ApplicationServices.framework/Versions/A/Frameworks/HIServices.framework/Versions/A/HIServices
0x00000001adb34000 	/System/Library/Frameworks/ApplicationServices.framework/Versions/A/Frameworks/LangAnalysis.framework/Versions/A/LangAnalysis
0x00000001ac79a000 	/System/Library/Frameworks/ApplicationServices.framework/Versions/A/Frameworks/PrintCore.framework/Versions/A/PrintCore
0x00000001adb5d000 	/System/Library/Frameworks/ApplicationServices.framework/Versions/A/Frameworks/QD.framework/Versions/A/QD
0x00000001ad82e000 	/System/Library/Frameworks/ApplicationServices.framework/Versions/A/Frameworks/SpeechSynthesis.framework/Versions/A/SpeechSynthesis
0x00000001ac75b000 	/System/Library/Frameworks/ApplicationServices.framework/Versions/A/Frameworks/ATSUI.framework/Versions/A/ATSUI
0x00000001adad6000 	/usr/lib/libcups.2.dylib
0x00000001adb48000 	/System/Library/PrivateFrameworks/NetAuth.framework/Versions/A/NetAuth
0x00000001ae174000 	/System/Library/Frameworks/Kerberos.framework/Versions/A/Kerberos
0x00000001ae185000 	/System/Library/Frameworks/GSS.framework/Versions/A/GSS
0x00000001ad8b1000 	/usr/lib/libresolv.9.dylib
0x00000001ac140000 	/System/Library/PrivateFrameworks/Heimdal.framework/Versions/A/Heimdal
0x00000001b3a41000 	/System/Library/Frameworks/Kerberos.framework/Versions/A/Libraries/libHeimdalProxy.dylib
0x00000001a72f7000 	/System/Library/Frameworks/Network.framework/Versions/A/Network
0x00000001abb77000 	/usr/lib/libheimdal-asn1.dylib
0x00000001ae1cd000 	/System/Library/PrivateFrameworks/CommonAuth.framework/Versions/A/CommonAuth
0x00000001a7f69000 	/System/Library/PrivateFrameworks/login.framework/Versions/A/Frameworks/loginsupport.framework/Versions/A/loginsupport
0x00000001ad7b3000 	/System/Library/PrivateFrameworks/AudioSession.framework/Versions/A/AudioSession
0x00000001ad81b000 	/usr/lib/libAudioStatistics.dylib
0x00000001abbf7000 	/System/Library/PrivateFrameworks/MediaExperience.framework/Versions/A/MediaExperience
0x00000001ad654000 	/System/Library/PrivateFrameworks/AudioSession.framework/libSessionUtility.dylib
0x00000001ae166000 	/usr/lib/libperfcheck.dylib
0x00000001adb69000 	/System/Library/PrivateFrameworks/AudioResourceArbitration.framework/Versions/A/AudioResourceArbitration
0x00000001abb80000 	/System/Library/PrivateFrameworks/IconFoundation.framework/Versions/A/IconFoundation
0x00000001b0608000 	/System/Library/PrivateFrameworks/SpeechRecognitionCore.framework/Versions/A/SpeechRecognitionCore
0x0000000107000000 	/Library/Java/JavaVirtualMachines/zulu-16.jdk/Contents/Home/lib/server/libjvm.dylib
0x00000001026bc000 	/Library/Java/JavaVirtualMachines/zulu-16.jdk/Contents/Home/lib/libjimage.dylib
0x0000000102720000 	/Library/Java/JavaVirtualMachines/zulu-16.jdk/Contents/Home/lib/libjava.dylib
0x0000000102ebc000 	/Library/Java/JavaVirtualMachines/zulu-16.jdk/Contents/Home/lib/libnio.dylib
0x0000000102edc000 	/Library/Java/JavaVirtualMachines/zulu-16.jdk/Contents/Home/lib/libnet.dylib
0x0000000102f00000 	/Library/Java/JavaVirtualMachines/zulu-16.jdk/Contents/Home/lib/libzip.dylib
0x0000000102f18000 	/Library/Java/JavaVirtualMachines/zulu-16.jdk/Contents/Home/lib/libextnet.dylib
0x0000000102f2c000 	/Library/Java/JavaVirtualMachines/zulu-16.jdk/Contents/Home/lib/libverify.dylib


VM Arguments:
java_command: /Users/theron/.vscode/extensions/sonarsource.sonarlint-vscode-2.0.0/server/sonarlint-ls.jar 60815 file:///Users/theron/.vscode/extensions/sonarsource.sonarlint-vscode-2.0.0/analyzers/sonarjava.jar file:///Users/theron/.vscode/extensions/sonarsource.sonarlint-vscode-2.0.0/analyzers/sonarjs.jar file:///Users/theron/.vscode/extensions/sonarsource.sonarlint-vscode-2.0.0/analyzers/sonarphp.jar file:///Users/theron/.vscode/extensions/sonarsource.sonarlint-vscode-2.0.0/analyzers/sonarpython.jar file:///Users/theron/.vscode/extensions/sonarsource.sonarlint-vscode-2.0.0/analyzers/sonarhtml.jar
java_class_path (initial): /Users/theron/.vscode/extensions/sonarsource.sonarlint-vscode-2.0.0/server/sonarlint-ls.jar
Launcher Type: SUN_STANDARD

[Global flags]
     intx CICompilerCount                          = 4                                         {product} {ergonomic}
     uint ConcGCThreads                            = 2                                         {product} {ergonomic}
     uint G1ConcRefinementThreads                  = 8                                         {product} {ergonomic}
   size_t G1HeapRegionSize                         = 1048576                                   {product} {ergonomic}
    uintx GCDrainStackTargetSize                   = 64                                        {product} {ergonomic}
   size_t InitialHeapSize                          = 134217728                                 {product} {ergonomic}
   size_t MarkStackSize                            = 4194304                                   {product} {ergonomic}
   size_t MaxHeapSize                              = 2147483648                                {product} {ergonomic}
   size_t MaxNewSize                               = 1287651328                                {product} {ergonomic}
   size_t MinHeapDeltaBytes                        = 1048576                                   {product} {ergonomic}
   size_t MinHeapSize                              = 8388608                                   {product} {ergonomic}
    uintx NonNMethodCodeHeapSize                   = 5839564                                {pd product} {ergonomic}
    uintx NonProfiledCodeHeapSize                  = 122909338                              {pd product} {ergonomic}
    uintx ProfiledCodeHeapSize                     = 122909338                              {pd product} {ergonomic}
    uintx ReservedCodeCacheSize                    = 251658240                              {pd product} {ergonomic}
     bool SegmentedCodeCache                       = true                                      {product} {ergonomic}
   size_t SoftMaxHeapSize                          = 2147483648                             {manageable} {ergonomic}
     bool UseCompressedClassPointers               = true                           {product lp64_product} {ergonomic}
     bool UseCompressedOops                        = true                           {product lp64_product} {ergonomic}
     bool UseG1GC                                  = true                                      {product} {ergonomic}
     bool UseNUMA                                  = false                                     {product} {ergonomic}
     bool UseNUMAInterleaving                      = false                                     {product} {ergonomic}

Logging:
Log output configuration:
 #0: stdout all=warning uptime,level,tags
 #1: stderr all=off uptime,level,tags

Environment Variables:
PATH=/opt/homebrew/opt/ruby/bin:/opt/homebrew/bin:/opt/homebrew/sbin:/usr/local/bin:/usr/bin:/bin:/usr/sbin:/sbin:/Library/Apple/usr/bin:/Library/Frameworks/Mono.framework/Versions/Current/Commands
SHELL=/bin/zsh
LANG=en_US.UTF-8

Signal Handlers:
SIGSEGV: [libjvm.dylib+0x9ace24], sa_mask[0]=11100110000111110111111111111111, sa_flags=SA_ONSTACK|SA_RESTART|SA_SIGINFO
SIGBUS: [libjvm.dylib+0x9ace24], sa_mask[0]=11100110000111110111111111111111, sa_flags=SA_RESTART|SA_SIGINFO
SIGFPE: [libjvm.dylib+0x9ace24], sa_mask[0]=11100110000111110111111111111111, sa_flags=SA_RESTART|SA_SIGINFO
SIGPIPE: [libjvm.dylib+0x896640], sa_mask[0]=11100110000111110111111111111111, sa_flags=SA_RESTART|SA_SIGINFO
SIGXFSZ: [libjvm.dylib+0x896640], sa_mask[0]=11100110000111110111111111111111, sa_flags=SA_RESTART|SA_SIGINFO
SIGILL: [libjvm.dylib+0x9ace24], sa_mask[0]=11100110000111110111111111111111, sa_flags=SA_RESTART|SA_SIGINFO
SIGUSR2: [libjvm.dylib+0x897078], sa_mask[0]=00000000000000000000000000000000, sa_flags=SA_RESTART|SA_SIGINFO
SIGHUP: [libjvm.dylib+0x8956f0], sa_mask[0]=11100110000111110111111111111111, sa_flags=SA_RESTART|SA_SIGINFO
SIGINT: [libjvm.dylib+0x8956f0], sa_mask[0]=11100110000111110111111111111111, sa_flags=SA_RESTART|SA_SIGINFO
SIGTERM: [libjvm.dylib+0x8956f0], sa_mask[0]=11100110000111110111111111111111, sa_flags=SA_RESTART|SA_SIGINFO
SIGQUIT: [libjvm.dylib+0x8956f0], sa_mask[0]=11100110000111110111111111111111, sa_flags=SA_RESTART|SA_SIGINFO
SIGTRAP: [libjvm.dylib+0x9ace24], sa_mask[0]=11100110000111110111111111111111, sa_flags=SA_RESTART|SA_SIGINFO


---------------  S Y S T E M  ---------------

OS:uname: Darwin 20.5.0 Darwin Kernel Version 20.5.0: Sat May  8 05:10:31 PDT 2021; root:xnu-7195.121.3~9/RELEASE_ARM64_T8101 arm64
OS uptime: 11 days 10:26 hours
rlimit (soft/hard): STACK 8176k/65520k , CORE 0k/infinity , NPROC 1333/2000 , NOFILE 10240/infinity , AS infinity/infinity , CPU infinity/infinity , DATA infinity/infinity , FSIZE infinity/infinity , MEMLOCK infinity/infinity , RSS infinity/infinity
load average: 13.05 7.75 5.25

CPU: total 8 (initial active 8) 0x61:0x0:0x1b588bb3:0, simd, crc, lse

Memory: 16k page, physical 8388608k(158352k free), swap 4194304k(1383680k free)

vm_info: OpenJDK 64-Bit Server VM (16+36) for bsd-aarch64 JRE (16+36) (Zulu16.28+11-CA), built on Mar  9 2021 03:14:09 by "zulu_re" with clang Apple LLVM 12.0.0 (clang-1200.0.32.28)

END.
